\BOOKMARK [0][-]{chapter.1}{\376\377\000T\000H\000E\000O\000R\000E\000T\000I\000C\000A\000L\000\040\000B\000A\000C\000K\000G\000R\000O\000U\000N\000D}{}% 1
\BOOKMARK [1][-]{section.1.1}{\376\377\000N\000U\000C\000L\000E\000A\000R\000\040\000F\000U\000S\000I\000O\000N}{chapter.1}% 2
\BOOKMARK [2][-]{subsection.1.1.1}{\376\377\000F\000u\000s\000i\000o\000n\000\040\000R\000e\000a\000c\000t\000i\000o\000n}{section.1.1}% 3
\BOOKMARK [2][-]{subsection.1.1.2}{\376\377\000T\000o\000k\000a\000m\000a\000k\000\040\000c\000o\000n\000f\000i\000n\000e\000m\000e\000n\000t}{section.1.1}% 4
\BOOKMARK [1][-]{section.1.2}{\376\377\000T\000R\000A\000N\000S\000P\000O\000R\000T\000S\000\040\000I\000N\000\040\000T\000O\000K\000A\000M\000A\000K}{chapter.1}% 5
\BOOKMARK [2][-]{subsection.1.2.1}{\376\377\000T\000r\000a\000p\000p\000e\000d\000\040\000P\000a\000r\000t\000i\000c\000l\000e\000s\000\040\000a\000n\000d\000\040\000D\000r\000i\000f\000t\000s}{section.1.2}% 6
\BOOKMARK [3][-]{subsubsection.1.2.1.1}{\376\377\000T\000r\000a\000p\000p\000e\000d\000\040\000P\000a\000r\000t\000i\000c\000l\000e\000s}{subsection.1.2.1}% 7
\BOOKMARK [3][-]{subsubsection.1.2.1.2}{\376\377\000D\000r\000i\000f\000t\000\040\000w\000a\000v\000e\000s}{subsection.1.2.1}% 8
\BOOKMARK [2][-]{subsection.1.2.2}{\376\377\000R\000a\000d\000i\000a\000l\000\040\000T\000r\000a\000n\000s\000p\000o\000r\000t}{section.1.2}% 9
\BOOKMARK [1][-]{section.1.3}{\376\377\000W\000A\000V\000E\000\040\000P\000R\000O\000P\000A\000G\000A\000T\000I\000O\000N\000\040\000I\000N\000\040\000P\000L\000A\000S\000M\000A}{chapter.1}% 10
\BOOKMARK [2][-]{subsection.1.3.1}{\376\377\000P\000l\000a\000s\000m\000a\000\040\000a\000s\000\040\000a\000\040\000M\000e\000d\000i\000u\000m}{section.1.3}% 11
\BOOKMARK [2][-]{subsection.1.3.2}{\376\377\000W\000a\000v\000e\000\040\000E\000q\000u\000a\000t\000i\000o\000n}{section.1.3}% 12
\BOOKMARK [1][-]{section.1.4}{\376\377\000C\000U\000W\000A\000\040\000C\000O\000D\000E\000\040\000O\000V\000E\000R\000V\000I\000E\000W}{chapter.1}% 13
\BOOKMARK [1][-]{section.1.5}{\376\377\000L\000I\000N\000E\000A\000R\000\040\000R\000E\000G\000I\000M\000E\000\040\000S\000T\000U\000D\000Y}{chapter.1}% 14
\BOOKMARK [2][-]{subsection.1.5.1}{\376\377\000P\000e\000r\000t\000u\000r\000b\000e\000d\000\040\000D\000e\000n\000s\000i\000t\000y\000\040\000P\000r\000o\000f\000i\000l\000e}{section.1.5}% 15
\BOOKMARK [3][-]{subsubsection.1.5.1.1}{\376\377\000S\000t\000e\000p\000-\000l\000i\000k\000e\000\040\000P\000e\000r\000t\000u\000r\000b\000a\000t\000i\000o\000n}{subsection.1.5.1}% 16
\BOOKMARK [0][-]{chapter.2}{\376\377\0001\000-\000D\000I\000M\000E\000N\000S\000I\000O\000N\000A\000L\000\040\000M\000O\000D\000E\000L}{}% 17
\BOOKMARK [1][-]{section.2.1}{\376\377\000R\000E\000L\000I\000A\000B\000L\000E\000\040\000M\000E\000T\000R\000I\000C\000S}{chapter.2}% 18
\BOOKMARK [1][-]{section.2.2}{\376\377\000M\000A\000C\000H\000I\000N\000E\000\040\000L\000E\000A\000R\000N\000I\000N\000G\000\040\000M\000O\000D\000E\000L}{chapter.2}% 19
\BOOKMARK [2][-]{subsection.2.2.1}{\376\377\000S\000t\000r\000u\000c\000t\000u\000r\000e}{section.2.2}% 20
\BOOKMARK [1][-]{section.2.3}{\376\377\000I\000N\000P\000U\000T\000\040\000D\000A\000T\000A}{chapter.2}% 21
\BOOKMARK [1][-]{section.2.4}{\376\377\000D\000A\000T\000A\000S\000E\000T\000S\000\040\000B\000U\000I\000L\000D\000I\000N\000G}{chapter.2}% 22
\BOOKMARK [1][-]{section.2.5}{\376\377\000R\000E\000S\000U\000L\000T\000S}{chapter.2}% 23
\BOOKMARK [0][-]{chapter.3}{\376\377\0002\000-\000D\000I\000M\000E\000N\000S\000I\000O\000N\000A\000L\000\040\000M\000O\000D\000E\000L}{}% 24
\BOOKMARK [1][-]{section.3.1}{\376\377\000P\000U\000L\000S\000E\000\040\000S\000H\000A\000P\000E\000\040\000S\000T\000U\000D\000Y}{chapter.3}% 25
\BOOKMARK [2][-]{subsection.3.1.1}{\376\377\000R\000e\000l\000a\000t\000i\000v\000e\000\040\000S\000t\000u\000d\000y\000\040\000o\000f\000\040\000P\000u\000l\000s\000e\000\040\000S\000h\000a\000p\000e}{section.3.1}% 26
\BOOKMARK [2][-]{subsection.3.1.2}{\376\377\000S\000t\000a\000t\000i\000s\000t\000i\000c\000a\000l\000\040\000S\000t\000u\000d\000y\000\040\000o\000f\000\040\000P\000u\000l\000s\000e\000\040\000S\000h\000a\000p\000e}{section.3.1}% 27
\BOOKMARK [2][-]{subsection.3.1.3}{\376\377\000G\000a\000u\000s\000s\000i\000a\000n\000\040\000F\000i\000t\000t\000i\000n\000g\000\040\000o\000f\000\040\000t\000h\000e\000\040\000P\000u\000l\000s\000e}{section.3.1}% 28
\BOOKMARK [1][-]{section.3.2}{\376\377\000D\000A\000T\000A\000S\000E\000T\000S\000\040\000B\000U\000I\000L\000D\000I\000N\000G}{chapter.3}% 29
\BOOKMARK [2][-]{subsection.3.2.1}{\376\377\000G\000a\000u\000s\000s\000i\000a\000n\000\040\000s\000p\000e\000c\000t\000r\000u\000m\000\040\000o\000f\000\040\000t\000h\000e\000\040\000t\000u\000r\000b\000u\000l\000e\000n\000c\000e\000s}{section.3.2}% 30
\BOOKMARK [2][-]{subsection.3.2.2}{\376\377\000P\000o\000w\000e\000r\000\040\000S\000p\000e\000c\000t\000r\000u\000m\000\040\000o\000f\000\040\000t\000h\000e\000\040\000T\000u\000r\000b\000u\000l\000e\000n\000c\000e\000s}{section.3.2}% 31
\BOOKMARK [3][-]{subsubsection.3.2.2.1}{\376\377\000C\000o\000r\000r\000e\000l\000a\000t\000i\000o\000n\000\040\000L\000e\000n\000g\000t\000h\000\040\000D\000e\000p\000e\000n\000d\000e\000n\000c\000y\000\040\000S\000t\000u\000d\000y}{subsection.3.2.2}% 32
\BOOKMARK [2][-]{subsection.3.2.3}{\376\377\000D\000a\000t\000a\000\040\000S\000c\000a\000n\000n\000i\000n\000g}{section.3.2}% 33
\BOOKMARK [1][-]{section.3.3}{\376\377\000R\000E\000S\000U\000L\000T\000S}{chapter.3}% 34
\BOOKMARK [2][-]{subsection.3.3.1}{\376\377\000G\000l\000o\000b\000a\000l\000\040\000P\000e\000r\000f\000o\000r\000m\000a\000n\000c\000e}{section.3.3}% 35
\BOOKMARK [2][-]{subsection.3.3.2}{\376\377\000C\000o\000m\000p\000a\000r\000i\000s\000o\000n\000\040\000o\000f\000\040\000t\000h\000e\000\040\000P\000r\000e\000d\000i\000c\000t\000i\000o\000n\000\040\000w\000i\000t\000h\000\040\000O\000t\000h\000e\000r\000\040\000M\000o\000d\000e\000l\000s}{section.3.3}% 36
\BOOKMARK [3][-]{subsubsection.3.3.2.1}{\376\377\000M\000e\000a\000n\000\040\000D\000e\000l\000a\000y\000\040\000S\000t\000u\000d\000y}{subsection.3.3.2}% 37
\BOOKMARK [3][-]{subsubsection.3.3.2.2}{\376\377\000A\000m\000p\000l\000i\000t\000u\000d\000e\000\040\000p\000r\000e\000d\000i\000c\000t\000i\000o\000n\000\040\000s\000t\000u\000d\000y}{subsection.3.3.2}% 38
\BOOKMARK [3][-]{subsubsection.3.3.2.3}{\376\377\000S\000t\000a\000n\000d\000a\000r\000d\000\040\000d\000e\000v\000i\000a\000t\000i\000o\000n\000\040\000o\000f\000\040\000d\000e\000l\000a\000y}{subsection.3.3.2}% 39
\BOOKMARK [2][-]{subsection.3.3.3}{\376\377\000R\000e\000s\000u\000l\000t\000s\000\040\000o\000n\000\040\000e\000x\000p\000e\000r\000i\000m\000e\000n\000t\000a\000l\000\040\000d\000a\000t\000a\000s\000e\000t\000s}{section.3.3}% 40
\BOOKMARK [0][-]{chapter.4}{\376\377\000C\000O\000N\000C\000L\000U\000S\000I\000O\000N\000\040\000A\000N\000D\000\040\000D\000I\000S\000C\000U\000S\000S\000I\000O\000N}{}% 41
